0:100  0:100  MemLog inited, TSC freq: 2592355740
0:100  0:000  CPU was calibrated with RTC
0:100  0:000  
0:100  0:000  Now is 5.9.2019,  13:11:9 (GMT)
0:100  0:000  Starting Clover revision: 4903 on American Megatrends EFI
0:100  0:000  Build with: [Args: -mc --no-usb -D NO_GRUB_DRIVERS_EMBEDDED -t XCODE8 | -D DISABLE_USB_SUPPORT -D NO_GRUB_DRIVERS_EMBEDDED --conf=/Users/sky/src/edk2/Conf -D USE_BIOS_BLOCKIO -D USE_LOW_EBDA -a X64 -b RELEASE -t XCODE8 -n 13 | OS: 10.14.4 | XCODE: 10.1]
0:100  0:000  SelfDevicePath=PciRoot(0x0)\Pci(0x17,0x0)\Sata(0x1,0xFFFF,0x0)\HD(1,GPT,23D5A2BF-817A-4A64-BF69-0E8996A04523,0x800,0xD6000) @6C048C98
0:100  0:000  SelfDirPath = \EFI\CLOVER
0:100  0:000  === [ Get Smbios ] ========================================
0:100  0:000  Type 16 Index = 0
0:100  0:000  Total Memory Slots Count = 4
0:100  0:000  Type 17 Index = 0
0:100  0:000  SmbiosTable.Type17->Speed = 2400MHz
0:100  0:000  SmbiosTable.Type17->Size = 4096MB
0:100  0:000  SmbiosTable.Type17->Bank/Device = BANK 0 ChannelA-DIMM0
0:100  0:000  SmbiosTable.Type17->Vendor = SK Hynix
0:100  0:000  SmbiosTable.Type17->SerialNumber = 40351528
0:100  0:000  SmbiosTable.Type17->PartNumber = HMA851S6AFR6N-UH    
0:100  0:000  Type 17 Index = 1
0:100  0:000  Ignoring insane frequency value 0MHz
0:100  0:000  SmbiosTable.Type17->Speed = 0MHz
0:100  0:000  SmbiosTable.Type17->Size = 0MB
0:100  0:000  SmbiosTable.Type17->Bank/Device = BANK 1 ChannelA-DIMM1
0:100  0:000  SmbiosTable.Type17->Vendor = <null string>
0:100  0:000  SmbiosTable.Type17->SerialNumber = <null string>
0:100  0:000  SmbiosTable.Type17->PartNumber = <null string>
0:100  0:000  Type 17 Index = 2
0:100  0:000  SmbiosTable.Type17->Speed = 2400MHz
0:100  0:000  SmbiosTable.Type17->Size = 4096MB
0:100  0:000  SmbiosTable.Type17->Bank/Device = BANK 2 ChannelB-DIMM0
0:100  0:000  SmbiosTable.Type17->Vendor = SK Hynix
0:100  0:000  SmbiosTable.Type17->SerialNumber = 42066856
0:100  0:000  SmbiosTable.Type17->PartNumber = HMA851S6AFR6N-UH    
0:100  0:000  Type 17 Index = 3
0:100  0:000  Ignoring insane frequency value 0MHz
0:100  0:000  SmbiosTable.Type17->Speed = 0MHz
0:100  0:000  SmbiosTable.Type17->Size = 0MB
0:100  0:000  SmbiosTable.Type17->Bank/Device = BANK 3 ChannelB-DIMM1
0:100  0:000  SmbiosTable.Type17->Vendor = <null string>
0:100  0:000  SmbiosTable.Type17->SerialNumber = <null string>
0:100  0:000  SmbiosTable.Type17->PartNumber = <null string>
0:100  0:000  Boot status=0
0:100  0:000  Running on: 'GL552VW' with board 'GL552VW'
0:100  0:000  === [ GetCPUProperties ] ==================================
0:100  0:000  CPU Vendor = 756E6547 Model=506E3
0:100  0:000   The CPU supported SSE4.1
0:100  0:000  BrandString = Intel(R) Core(TM) i7-6700HQ CPU @ 2.60GHz
0:100  0:000   The CPU supported turbo
0:100  0:000  MSR 0x35               40008
0:100  0:000   TSC/CCC Information Leaf:
0:100  0:000    numerator     : 216
0:100  0:000    denominator   : 2
0:100  0:000   Calibrated ARTFrequency: 24003293
0:100  0:000  MSR 0xE2 before patch 1E008005
0:100  0:000  MSR 0xE2 is locked, PM patches will be turned on
0:100  0:000  MSR 0xCE              0008083B_F1011A00
0:100  0:000  corrected FLEX_RATIO = 0
0:100  0:000  MSR 0x1B0             00000000
0:100  0:000  FSBFrequency = 120 MHz, DMI FSBFrequency = 100 MHz, Corrected FSBFrequency = 100 MHz
0:100  0:000  MaxDiv/MinDiv: 26.0/8
0:100  0:000  Turbo: 31/32/33/35
0:100  0:000  Features: 0xBFEBFBFF
0:100  0:000  Threads: 8
0:100  0:000  Cores: 4
0:100  0:000  FSB: 100 MHz
0:100  0:000  CPU: 3100 MHz
0:100  0:000  TSC: 3100 MHz
0:100  0:000  PIS: 100 MHz
0:100  0:000  ExternalClock: 25 MHz
0:100  0:000  === [ GetDevices ] ========================================
0:100  0:000  PCI (00|00:00.00) : 8086 1910 class=060000
0:100  0:000  PCI (00|00:01.00) : 8086 1901 class=060400
0:100  0:000  PCI (00|01:00.00) : 10DE 139B class=030200
0:100  0:000  PCI (00|00:02.00) : 8086 191B class=030000
0:100  0:000   - GFX: Model=Intel HD Graphics 530 (Intel)
0:100  0:000  PCI (00|00:04.00) : 8086 1903 class=118000
0:100  0:000  PCI (00|00:14.00) : 8086 A12F class=0C0330
0:100  0:000  PCI (00|00:14.02) : 8086 A131 class=118000
0:100  0:000  PCI (00|00:15.00) : 8086 A160 class=118000
0:100  0:000  PCI (00|00:15.01) : 8086 A161 class=118000
0:100  0:000  PCI (00|00:16.00) : 8086 A13A class=078000
0:100  0:000  PCI (00|00:17.00) : 8086 A103 class=010601
0:100  0:000  PCI (00|00:1C.00) : 8086 A112 class=060400
0:100  0:000  PCI (00|02:00.00) : 168C 0036 class=028000
0:100  0:000   - WIFI: Vendor=Atheros
0:100  0:000  PCI (00|00:1C.03) : 8086 A113 class=060400
0:100  0:000  PCI (00|03:00.00) : 10EC 5287 class=FF0000
0:100  0:000  PCI (00|03:00.01) : 10EC 8168 class=020000
0:100  0:000   - LAN: 0 Vendor=Realtek
0:100  0:000  PCI (00|00:1F.00) : 8086 A14E class=060100
0:100  0:000  PCI (00|00:1F.02) : 8086 A121 class=058000
0:100  0:000  PCI (00|00:1F.03) : 8086 A170 class=040300
0:100  0:000  PCI (00|00:1F.04) : 8086 A123 class=0C0500
0:100  0:000  === [ GetDefaultSettings ] ================================
0:100  0:000  Clover load options size = 0 bytes
0:102  0:001  EFI\CLOVER\config.plist loaded: Success
0:109  0:007  === [ GetListOfThemes ] ===================================
0:110  0:001  - [00]: blackMojave
0:111  0:000  === [ Found config plists ] ===============================
0:111  0:000  - config.plist
0:111  0:000  === [ GetEarlyUserSettings ] ==============================
0:111  0:000  timeout set to 5
0:111  0:000  Custom boot CUSTOM_BOOT_THEME (0x0)
0:111  0:000  KernelXCPM: enabled
0:111  0:000  ForceKextsToLoad: 1 requested
0:111  0:000   - [0]: System\Library\Extensions\IONetworkingFamily.kext
0:111  0:000  KextsToPatch: 6 requested
0:111  0:000   - [00]: AppleIntelSKLGraphicsFramebuffer (DVMT for AppleIntelSKLGraphicsFramebufferï»¿ (Credits DalianSky) for 10.14.x) :: MatchOS: 10.14.x :: BinPatch :: data len: 5
0:111  0:000   - [01]: AppleIntelLpssI2C (Disable AppleIntelLpssI2C (credit by Coolstar)) :: PlistPatch :: data len: 5
0:111  0:000   - [02]: AppleIntelLpssI2CController (Disable AppleIntelLpssI2CCOntroller (credit by Coolstar)) :: PlistPatch :: data len: 5
0:111  0:000   - [03]: IOBufferCopyController (disable IOBufferCopyController (Credit by DalianSky)) :: PlistPatch :: data len: 5
0:111  0:000   - [04]: com.apple.driver.AppleHDA (AppleHDA anti-pop patch #1 (credit AppleALC)) :: MatchOS: 10.14.6 :: BinPatch :: data len: 8
0:111  0:000   - patch disabled at config
0:111  0:000   - [05]: com.apple.driver.AppleHDA (AppleHDA anti-pop patch #2 (credit AppleALC)) :: MatchOS: 10.14.6 :: BinPatch :: data len: 8
0:111  0:000   - patch disabled at config
0:111  0:000  KernelToPatch: 4 requested
0:111  0:000   - [00]: Disable panic kext logging on 10.13 Debug kernel :: MatchOS: 10.13 :: data len: 6
0:111  0:000   - [01]: Disable panic kext logging on 10.13 Release kernel :: MatchOS: 10.13 :: data len: 6
0:111  0:000   - [02]: Disable panic kext logging on 10.14 Release kernel (c) vit9696 :: MatchOS: 10.14.x :: data len: 6
0:111  0:000   - [03]: MSR 0xE2 _xcpm_idle instant reboot(c) Pike R. Alpha :: data len: 8
0:111  0:000  Default theme: blackMojave
0:111  0:000  Hiding entries with string Preboot
0:111  0:000  ** Warning: unknown custom entry Type 'Other'
0:111  0:000  === [ LoadDrivers ] =======================================
0:111  0:000  Loading apfs.efi  status=Success
0:115  0:004   - driver needs connecting
0:115  0:000  Loading ApfsDriverLoader-64.efi  status=Success
0:117  0:001   - driver needs connecting
0:117  0:000  Loading AppleImageLoader-64.efi  status=Success
0:118  0:001  Loading AppleUISupport-64.efi  status=Success
0:220  0:102  Loading AptioMemoryFix-64.efi  status=Success
0:221  0:000  Loading AudioDxe-64.efi  status=Success
0:221  0:000   - driver needs connecting
0:221  0:000  Loading DataHubDxe-64.efi  status=Success
0:224  0:003  Loading EmuVariableUefi-64.efi  status=Success
0:226  0:002  EmuVariableUefi Initialize: VariableCommonInitialize = Success, orig services stored, install gEmuVariableControlProtocolGuid = Success
0:226  0:000  Loading FSInject-64.efi  status=Success
0:227  0:000  Loading HFSPlus.efi  status=Success
0:227  0:000   - driver needs connecting
0:227  0:000  Loading VirtualSmc.efi  status=Success
0:331  0:103  4 drivers needs connecting ...
0:331  0:000  PlatformDriverOverrideProtocol not found. Installing ... Success
0:331  0:000  HFS+ driver loaded
0:331  0:000  APFS driver loaded
0:331  0:000  Searching for invalid DiskIo BY_DRIVER connects: not found, all ok
3:496  3:165  EmuVariable InstallEmulation: orig vars copied, emu.var.services installed, CreateEvent VirtualAddressChange = Success, CreateEvent ExitBootServices = Success, set Status=Success
3:514  0:017  === [ InitScreen ] ========================================
3:514  0:000  Console modes reported: 4, available modes:
3:514  0:000   - [01]: 80x25 (current mode)
3:514  0:000   - [02]: 80x50
3:514  0:000   - [03]: 100x31
3:514  0:000   - [04]: 240x56
3:514  0:000  SetScreenResolution: 1920x1080 - already set
3:514  0:000  SetScreenResolution: 1920x1080 - already set
3:514  0:000  reinit: self device path=PciRoot(0x0)\Pci(0x17,0x0)\Sata(0x1,0xFFFF,0x0)\HD(1,GPT,23D5A2BF-817A-4A64-BF69-0E8996A04523,0x800,0xD6000)
3:514  0:000  === [ GetMacAddress ] =====================================
3:514  0:000  MAC address of LAN #0= D0:17:C2:08:16:71:
3:514  0:000  === [ ScanSPD ] ===========================================
3:514  0:000  Scanning SMBus [8086:A123], mmio: 0xDF332004, ioport: 0xF040, hostc: 0x11
3:532  0:017  Slot: 0 Type 26 4096MB 2400MHz Vendor=SK Hynix PartNo=HMA851S6AFR6N-UH SerialNo=02080203090E010C
3:550  0:018  Slot: 2 Type 26 4096MB 2400MHz Vendor=SK Hynix PartNo=HMA851S6AFR6N-UH SerialNo=020A000604040308
3:551  0:000  === [ GetAcpiTablesList ] =================================
3:552  0:000  Get Acpi Tables List from RSDT:
3:552  0:000   - [00]: FACP  Notebook len=132
3:552  0:000   - [01]: APIC  Notebook len=188
3:552  0:000   - [02]: FPDT  Notebook len=68
3:552  0:000   - [03]: FIDT  Notebook len=156
3:552  0:000   - [04]: MCFG  Notebook len=60
3:552  0:000   - [05]: HPET  Notebook len=56
3:552  0:000   - [06]: SSDT  SataTabl len=789
3:552  0:000   - [07]: ECDT  Notebook len=193
3:552  0:000   - [08]: LPIT  SKL len=148
3:552  0:000   - [09]: SSDT  sensrhub len=584
3:552  0:000   - [10]: DBGP   len=52
3:552  0:000   - [11]: DBG2   len=84
3:552  0:000   - [12]: SSDT  DptfTabl len=15708
3:552  0:000   - [13]: SSDT  SaSsdt  len=26245
3:552  0:000   - [14]: UEFI   len=66
3:552  0:000   - [15]: SSDT  CpuSsdt len=3672
3:552  0:000   - [16]: BGRT  Notebook len=56
3:552  0:000   - [17]: SSDT  SgPeg len=165
3:552  0:000   - [18]: DMAR  SKL  len=240
3:552  0:000   - [19]: SSDT  OptTabl len=6628
3:552  0:000   - [20]: MSDM  Notebook len=85
3:552  0:000  Calibrated TSC Frequency = 2592355740 = 2592MHz
3:552  0:000  === [ GetUserSettings ] ===================================
3:552  0:000  Add 1 devices:
3:552  0:000  USB FixOwnership: yes
3:552  0:000  Dropping 2 tables:
3:552  0:000   - [00]: Drop table  signature="#MCF" (46434D23)
3:552  0:000           - set table: 46434D23,                0 to drop: no
3:552  0:000   - [01]: Drop table  signature="DMAR" (52414D44)
3:552  0:000           - set table: 52414D44,                0 to drop: yes
3:552  0:000   - final DSDT Fix mask=00000000
3:552  0:000  PatchesDSDT: 8 requested
3:552  0:000   - [00]: (change GFX0 to IGPU) lenToFind: 4, lenToReplace: 4, Target Bridge: <null string>
3:552  0:000   - [01]: (change HDAS to HDEF) lenToFind: 4, lenToReplace: 4, Target Bridge: <null string>
3:552  0:000   - [02]: (change EC0 to EC) lenToFind: 4, lenToReplace: 4, Target Bridge: <null string>
3:552  0:000   - [03]: (Rename EHC1 to EH01 (USB)) lenToFind: 4, lenToReplace: 4, Target Bridge: <null string>
3:552  0:000    patch disabled at config
3:552  0:000   - [04]: (Rename EHC2 to EH02 (USB)) lenToFind: 4, lenToReplace: 4, Target Bridge: <null string>
3:552  0:000    patch disabled at config
3:552  0:000   - [05]: (change Method(GPRW,2,N) to XPRW, pair with SSDT-GPRW.aml) lenToFind: 5, lenToReplace: 5, Target Bridge: <null string>
3:552  0:000   - [06]: (change Method(_PTS,1,N) to ZPTS, pair with SSDT-PTSWAK.aml) lenToFind: 5, lenToReplace: 5, Target Bridge: <null string>
3:552  0:000   - [07]: (change Method(_WAK,1,N) to ZWAK, pair with SSDT-PTSWAK.aml) lenToFind: 5, lenToReplace: 5, Target Bridge: <null string>
3:552  0:000  PluginType: 1
3:552  0:000  Using ProductName from config: MacBookPro13,3
3:552  0:000  Using latest BiosVersion from config
3:552  0:000  BiosVersion: MBP133.88Z.F000.B00.1905251314
3:552  0:000  BiosReleaseDate: 05/25/2019
3:552  0:000  Using EfiVersion from config: 257.0.0.0.0
3:552  0:000  Using FirmwareFeatures from config: 0xFC0FE13F
3:552  0:000  Using FirmwareFeaturesMask from config: 0xFF1FFF3F
3:552  0:000  Board-ID set from config as Mac-A5C67F76ED83108C
3:552  0:000  BoardType: 0xA
3:552  0:000  ChassisType: 0x9
3:553  0:001  === [ Found DSDT tables ] =================================
3:553  0:000  - DSDT.aml
3:626  0:073  === [ ScanVolumes ] =======================================
3:626  0:000  Found 9 volumes with blockIO
3:626  0:000  - [00]: Volume: PciRoot(0x0)\Pci(0x17,0x0)\Sata(0x0,0xFFFF,0x0)
3:627  0:000          Result of bootcode detection: bootable unknown (legacy)
3:627  0:000  - [01]: Volume: PciRoot(0x0)\Pci(0x17,0x0)\Sata(0x1,0xFFFF,0x0)
3:628  0:000          Result of bootcode detection: bootable unknown (legacy)
3:628  0:000  - [02]: Volume: PciRoot(0x0)\Pci(0x17,0x0)\Sata(0x0,0xFFFF,0x0)\HD(1,GPT,11ACE580-45B6-49ED-B0FB-8C44677015F9,0x22,0x64000)
3:628  0:000          Result of bootcode detection: bootable unknown (legacy)
3:628  0:000  - [03]: Volume: PciRoot(0x0)\Pci(0x17,0x0)\Sata(0x0,0xFFFF,0x0)\HD(2,GPT,12DF5EB3-C265-4E75-9D49-1B45E685CD3D,0x64800,0x2579C800)
3:629  0:000          Result of bootcode detection: bootable Windows (vista,win)
3:674  0:044  - [04]: Volume: PciRoot(0x0)\Pci(0x17,0x0)\Sata(0x0,0xFFFF,0x0)\HD(3,GPT,F24CCA71-1918-4D40-9EEF-8FE8951A0401,0x25801000,0x27800800)
3:674  0:000          Result of bootcode detection: bootable Windows (vista,win)
3:704  0:029  - [05]: Volume: PciRoot(0x0)\Pci(0x17,0x0)\Sata(0x0,0xFFFF,0x0)\HD(4,GPT,6E77358E-549B-43B7-7A9D-048342EDE9BA,0x4D002000,0x27704D8F)
3:704  0:000  - [06]: Volume: PciRoot(0x0)\Pci(0x17,0x0)\Sata(0x1,0xFFFF,0x0)\HD(1,GPT,23D5A2BF-817A-4A64-BF69-0E8996A04523,0x800,0xD6000)
3:705  0:000          Result of bootcode detection: bootable Windows (vista,win)
3:708  0:002          This is SelfVolume !!
3:708  0:000  - [07]: Volume: PciRoot(0x0)\Pci(0x17,0x0)\Sata(0x1,0xFFFF,0x0)\HD(2,GPT,1F172DDB-9A86-438A-A684-035866F1BAF0,0xD6800,0x7400800)
3:708  0:000          Result of bootcode detection: bootable Windows (vista,win)
3:709  0:000  - [08]: Volume: PciRoot(0x0)\Pci(0x17,0x0)\Sata(0x1,0xFFFF,0x0)\HD(3,GPT,B413A0E6-A2D9-4B56-B629-040271ACCC5E,0x74D7000,0x79A528F)
3:710  0:000          Result of bootcode detection: bootable Windows (vista,win)
3:733  0:023  PutNvramPlistToRtVars: nvram.plist not found
3:733  0:000  found 2 handles with audio
3:733  0:000  No AudioIoDevice stored
3:733  0:000  no stored audio parameters
3:733  0:000  === [ InitTheme ] =========================================
3:733  0:000  use daylight theme
3:734  0:000  Using theme 'blackMojave' (EFI\CLOVER\themes\blackMojave)
3:734  0:000  OS main and drive as badge
3:734  0:000  file sound read: sound.wav Not Found
3:736  0:002  Loading font from ThemeDir: Success
3:737  0:000  theme inited
3:737  0:000  Chosen theme blackMojave
3:737  0:000  after NVRAM boot-args=
3:737  0:000  === [ Dump SMC keys from NVRAM ] ==========================
3:737  0:000  found AppleSMC protocol
3:737  0:000  === [ AddCustomEntries ] ==================================
3:737  0:000  Custom entry 0 skipped because it is disabled.
3:737  0:000  === [ ScanLoader ] ========================================
3:737  0:000  - [02]: 'EFI'
3:737  0:000  - [03]: ''
3:737  0:000  - [04]: 'oö'
3:737  0:000  - [05]: 'Macintosh HD'
3:801  0:063          AddLoaderEntry for Volume Name=Macintosh HD
3:801  0:000      Not match custom entry 0: Type: not match
3:834  0:032      hibernated: set as never
3:838  0:004          AddLoaderEntry for Volume Name=Macintosh HD
3:838  0:000          skipped because entry is hidden
3:838  0:000  - [06]: 'EFI'
3:839  0:000          AddLoaderEntry for Volume Name=EFI
3:839  0:000      Not match custom entry 0: Type: not match
3:843  0:004          AddLoaderEntry for Volume Name=EFI
3:843  0:000          skipped because entry is hidden
3:843  0:000  - [07]: 'ûß'
3:843  0:000  - [08]: 'oö'
3:843  0:000  === [ AddCustomTool ] =====================================
3:845  0:001  EmuVariable InstallEmulation: EFI_ALREADY_STARTED
3:845  0:000  === [ GetEfiBootDeviceFromNvram ] =========================
3:845  0:000  Default boot entry not found
3:845  0:000  EmuVariable UninstallEmulation: CloseEvent = Success, original var services restored
3:845  0:000  DefaultIndex=-1 and MainMenu.EntryCount=6
4:086  0:241  GUI ready
56:693  52:607  ParseBootOption: invalid input params
56:693  0:000  BootVariable of the entry is empty
56:693  0:000  === [ StartLoader ] =======================================
56:693  0:000  Finally: ExternalClock=25MHz BusSpeed=99706kHz CPUFreq=2592MHz PIS: hw.busfrequency=100000000Hz
56:693  0:000  Loading boot.efi  status=Success
57:594  0:900  GetOSVersion: 10.14.5 (18F132)
57:594  0:000  CSR_CFG: CSR_ALLOW_UNTRUSTED_KEXTS | CSR_ALLOW_UNRESTRICTED_FS | CSR_ALLOW_TASK_FOR_PID | CSR_ALLOW_UNRESTRICTED_DTRACE | CSR_ALLOW_UNRESTRICTED_NVRAM
57:594  0:000  Filtering KextPatches:
57:594  0:000   - [00]: AppleIntelSKLGraphicsFramebuffer (DVMT for AppleIntelSKLGraphicsFramebufferï»¿ (Credits DalianSky) for 10.14.x) :: BinPatch :: [OS: 10.14.5 | MatchOS: 10.14.x | MatchBuild: All] ==> allowed
57:594  0:000   - [01]: AppleIntelLpssI2C (Disable AppleIntelLpssI2C (credit by Coolstar)) :: PlistPatch :: [OS: 10.14.5 | MatchOS: All | MatchBuild: All] ==> allowed
57:594  0:000   - [02]: AppleIntelLpssI2CController (Disable AppleIntelLpssI2CCOntroller (credit by Coolstar)) :: PlistPatch :: [OS: 10.14.5 | MatchOS: All | MatchBuild: All] ==> allowed
57:594  0:000   - [03]: IOBufferCopyController (disable IOBufferCopyController (Credit by DalianSky)) :: PlistPatch :: [OS: 10.14.5 | MatchOS: All | MatchBuild: All] ==> allowed
57:594  0:000   - [04]: com.apple.driver.AppleHDA (AppleHDA anti-pop patch #1 (credit AppleALC)) :: BinPatch :: [OS: 10.14.5 | MatchOS: 10.14.6 | MatchBuild: All] ==> disabled by user
57:594  0:000   - [05]: com.apple.driver.AppleHDA (AppleHDA anti-pop patch #2 (credit AppleALC)) :: BinPatch :: [OS: 10.14.5 | MatchOS: 10.14.6 | MatchBuild: All] ==> disabled by user
57:594  0:000  Filtering KernelPatches:
57:594  0:000   - [00]: Disable panic kext logging on 10.13 Debug kernel :: [OS: 10.14.5 | MatchOS: 10.13 | MatchBuild: no] ==> not allowed by OS
57:594  0:000   - [01]: Disable panic kext logging on 10.13 Release kernel :: [OS: 10.14.5 | MatchOS: 10.13 | MatchBuild: no] ==> not allowed by OS
57:594  0:000   - [02]: Disable panic kext logging on 10.14 Release kernel (c) vit9696 :: [OS: 10.14.5 | MatchOS: 10.14.x | MatchBuild: no] ==> allowed by OS
57:594  0:000   - [03]: MSR 0xE2 _xcpm_idle instant reboot(c) Pike R. Alpha :: [OS: 10.14.5 | MatchOS: All | MatchBuild: no] ==> allowed by OS
57:594  0:000  Will not patch boot.efi
57:594  0:000  EmuVariable InstallEmulation: orig vars copied, emu.var.services installed, CreateEvent VirtualAddressChange = Success, CreateEvent ExitBootServices = Success, set Status=Success
57:612  0:017  === [ PatchSmbios ] =======================================
57:612  0:000  insert table 9 for dev 0:1
57:612  0:000  insert table 9 for dev 0:0
57:613  0:000  Trusting SMBIOS...
57:613  0:000  Channels: 2
57:613  0:000  Interleave: 0 2 1 3 4 6 5 7 8 10 9 11 12 14 13 15 16 18 17 19 20 22 21 23
57:613  0:000   partNum=HMA851S6AFR6N-UH    
57:613  0:000  SMBIOS Type 17 Index = 0 => 0 0:
57:613  0:000  BANK 0 DIMM0 2400MHz 4096MB
57:613  0:000   partNum=HMA851S6AFR6N-UH    
57:613  0:000  SMBIOS Type 17 Index = 1 => 2 2:
57:613  0:000  BANK 1 DIMM0 2400MHz 4096MB
57:613  0:000  mTotalSystemMemory = 8192
57:613  0:000  NumberOfMemoryDevices = 2
57:613  0:000  Type20[0]->End = 0x3FFFFF, Type17[0] = 0x1000
57:613  0:000  Type20[1]->End = 0x7FFFFF, Type17[1] = 0x3000
57:613  0:000  Table 131 is present, CPUType=31
57:613  0:000  Change to: 705
57:613  0:000  === [ PatchACPI ] =========================================
57:613  0:000  Xsdt reallocation done
57:613  0:000  old FADT length=10C
57:613  0:000   SignatureFixup: 0xFF113754 -> 0x0
57:614  0:001  DSDT found in Clover volume OEM folder: EFI\CLOVER\ACPI\patched\DSDT.aml
57:617  0:002  Apply DsdtFixMask=0x00000000
57:617  0:000     drop _DSM mask=0x0000
57:617  0:000  === [ FixBiosDsdt ] =======================================
57:617  0:000  Patching DSDT:
57:617  0:000   - [change GFX0 to IGPU]: pattern 47465830, patched at: [ (114) (12) (12) (12) (12) (12) (12) (12) (12) (12) (12) (16) (12) (12) (12) (12) (12) (2E64) (E32F) (14) (6400) (1666) (4056) (10) (4D) (10) (4C) (F) (51) (10) (27EF) (13A) (2A33) (160B) (9) (8) (49) (D) (10) (10C) (D) (10) (B08) (81) (9) ]
57:617  0:000   - [change HDAS to HDEF]: pattern 48444153, patched at: [ (8EC0) (18AB) (86) (D) (A1) (6A) ]
57:617  0:000   - [change EC0 to EC]: pattern 4543305F, patched at: [ (EC37) (90) (D341) (12B8) (20) (19) (4A) (182) (228) (106) (1B) (2A) (24) (77) (2D) (27) (113) (15) (148) (12) (67) (37) (24) (1D) (37) (1DA) (8B) (11A) (18E) (1A) (25E) (14) (12) (12) (12) (18) (16) (12) (12) (12) (13) (6C) (72) (282) (CA) (20) (4D) (309) (15) (1E) (22) (E) (E) (E) (E) (67) (38) (32) (53) (52) (9E) (1E) (2E) (E) (E) (E) (45) (15) (217) (2F) (10) (10) (2D) (1F) (3A) (4F) (246) (60) (E1) (60) (4E) (17) (33) (19) (54) (226) (21) (11B) (181) (325) (D5) (377) (10) (10) (40) (10) (10) (3C) (10) (10) (13A) (3D) (462) (141) (174) (E15) (11B7) (14) (30) (14) (31) (14) (31) (14) (1E) (46) (14) (61) (14FB) (43) (CF3) (1B) (128) (1B) (147) (1C) (2B) (2A) (24) (31) (15) (23) (15) (22) ]
57:617  0:000   - [Rename EHC1 to EH01 (USB)]: disabled
57:617  0:000   - [Rename EHC2 to EH02 (USB)]: disabled
57:617  0:000   - [change Method(GPRW,2,N) to XPRW, pair with SSDT-GPRW.aml]: pattern 47505257, patched at: [ (F427) ]
57:618  0:000   - [change Method(_PTS,1,N) to ZPTS, pair with SSDT-PTSWAK.aml]: pattern 5F505453, patched at: [ (780E) ]
57:618  0:000   - [change Method(_WAK,1,N) to ZWAK, pair with SSDT-PTSWAK.aml]: pattern 5F57414B, patched at: [ (7846) ]
57:618  0:000    0 replacements
57:618  0:000  PreCleanup XSDT: count=21, length=204
57:618  0:000  PreCleanup XSDT, corrected XSDT: count=21, length=204
57:618  0:000  === [ ACPIPatchedAML ] ====================================
57:618  0:000  AutoMerge pass 1
57:618  0:000  Unsorted
57:618  0:000  Inserting SSDT-USBX.aml from EFI\CLOVER\ACPI\patched: ignore on pass 1
57:618  0:000  Inserting SSDT-PTSWAK.aml from EFI\CLOVER\ACPI\patched: ignore on pass 1
57:618  0:000  Inserting SSDT-PNLF.aml from EFI\CLOVER\ACPI\patched: ignore on pass 1
57:618  0:000  Inserting SSDT-GPRW.aml from EFI\CLOVER\ACPI\patched: ignore on pass 1
57:618  0:000  Inserting SSDT-Disable-DGPU.aml from EFI\CLOVER\ACPI\patched: ignore on pass 1
57:618  0:000  === [ ACPIDropTables ] ====================================
57:618  0:000  Drop tables from XSDT, SIGN=DMAR TableID=SKL  Length=240
57:618  0:000   Table[18]: DMAR  SKL   240 dropped
57:618  0:000  0. [change GFX0 to IGPU]: pattern 47465830, bin not found / already patched!
57:618  0:000  1. [change HDAS to HDEF]: pattern 48444153, bin not found / already patched!
57:618  0:000  2. [change EC0 to EC]: pattern 4543305F, bin not found / already patched!
57:618  0:000  3. [Rename EHC1 to EH01 (USB)]: disabled
57:618  0:000  4. [Rename EHC2 to EH02 (USB)]: disabled
57:618  0:000  5. [change Method(GPRW,2,N) to XPRW, pair with SSDT-GPRW.aml]: pattern 47505257, bin not found / already patched!
57:619  0:000  6. [change Method(_PTS,1,N) to ZPTS, pair with SSDT-PTSWAK.aml]: pattern 5F505453, bin not found / already patched!
57:619  0:000  7. [change Method(_WAK,1,N) to ZWAK, pair with SSDT-PTSWAK.aml]: pattern 5F57414B, bin not found / already patched!
57:619  0:000    0 replacements
57:619  0:000  0. [change GFX0 to IGPU]: pattern 47465830, bin not found / already patched!
57:619  0:000  1. [change HDAS to HDEF]: pattern 48444153, bin not found / already patched!
57:619  0:000  2. [change EC0 to EC]: pattern 4543305F, bin not found / already patched!
57:619  0:000  3. [Rename EHC1 to EH01 (USB)]: disabled
57:619  0:000  4. [Rename EHC2 to EH02 (USB)]: disabled
57:619  0:000  5. [change Method(GPRW,2,N) to XPRW, pair with SSDT-GPRW.aml]: pattern 47505257, bin not found / already patched!
57:619  0:000  6. [change Method(_PTS,1,N) to ZPTS, pair with SSDT-PTSWAK.aml]: pattern 5F505453, bin not found / already patched!
57:619  0:000  7. [change Method(_WAK,1,N) to ZWAK, pair with SSDT-PTSWAK.aml]: pattern 5F57414B, bin not found / already patched!
57:619  0:000    0 replacements
57:619  0:000  0. [change GFX0 to IGPU]: pattern 47465830, patched at: [ (2D04) (15) (25) (14) (1F) (15) (22) (15) ]
57:619  0:000  1. [change HDAS to HDEF]: pattern 48444153, bin not found / already patched!
57:619  0:000  2. [change EC0 to EC]: pattern 4543305F, patched at: [ (1EC4) (18) (25) (25) (15) (1F) (25) (25) (15) (1F) (25) (25) (15) (1F) (25) (25) (15) (11BE) (AB) (36) (1A) (24) (17) (20) (1E) (2A) (AD) (36) (1A) (24) (17) (20) (1E) (2A) (AB) (36) (1A) (24) (17) (20) (1E) (2A) (AD) (36) (1A) (24) (17) (1F) (1E) ]
57:619  0:000  3. [Rename EHC1 to EH01 (USB)]: disabled
57:619  0:000  4. [Rename EHC2 to EH02 (USB)]: disabled
57:619  0:000  5. [change Method(GPRW,2,N) to XPRW, pair with SSDT-GPRW.aml]: pattern 47505257, bin not found / already patched!
57:619  0:000  6. [change Method(_PTS,1,N) to ZPTS, pair with SSDT-PTSWAK.aml]: pattern 5F505453, bin not found / already patched!
57:619  0:000  7. [change Method(_WAK,1,N) to ZWAK, pair with SSDT-PTSWAK.aml]: pattern 5F57414B, bin not found / already patched!
57:619  0:000    0 replacements
57:619  0:000  0. [change GFX0 to IGPU]: pattern 47465830, patched at: [ (FAA) (1D41) (AD5) (1D) (27B) (1209) (12) (12) (57) (30) (84) ]
57:619  0:000  1. [change HDAS to HDEF]: pattern 48444153, bin not found / already patched!
57:619  0:000  2. [change EC0 to EC]: pattern 4543305F, patched at: [ (6E3) (18) (19) (21) (8A) (1C) (17) (18) (17) (2362) (EB) (70) (54) (1A40) (100) ]
57:619  0:000  3. [Rename EHC1 to EH01 (USB)]: disabled
57:619  0:000  4. [Rename EHC2 to EH02 (USB)]: disabled
57:619  0:000  5. [change Method(GPRW,2,N) to XPRW, pair with SSDT-GPRW.aml]: pattern 47505257, bin not found / already patched!
57:619  0:000  6. [change Method(_PTS,1,N) to ZPTS, pair with SSDT-PTSWAK.aml]: pattern 5F505453, bin not found / already patched!
57:619  0:000  7. [change Method(_WAK,1,N) to ZWAK, pair with SSDT-PTSWAK.aml]: pattern 5F57414B, bin not found / already patched!
57:619  0:000    0 replacements
57:619  0:000  Found OperationRegion(SANV, SystemMemory, 6F31FD98, ...)
57:619  0:000  0. [change GFX0 to IGPU]: pattern 47465830, bin not found / already patched!
57:619  0:000  1. [change HDAS to HDEF]: pattern 48444153, bin not found / already patched!
57:619  0:000  2. [change EC0 to EC]: pattern 4543305F, bin not found / already patched!
57:619  0:000  3. [Rename EHC1 to EH01 (USB)]: disabled
57:619  0:000  4. [Rename EHC2 to EH02 (USB)]: disabled
57:619  0:000  5. [change Method(GPRW,2,N) to XPRW, pair with SSDT-GPRW.aml]: pattern 47505257, bin not found / already patched!
57:619  0:000  6. [change Method(_PTS,1,N) to ZPTS, pair with SSDT-PTSWAK.aml]: pattern 5F505453, bin not found / already patched!
57:619  0:000  7. [change Method(_WAK,1,N) to ZWAK, pair with SSDT-PTSWAK.aml]: pattern 5F57414B, bin not found / already patched!
57:619  0:000    0 replacements
57:619  0:000  Found OperationRegion(PNVS, SystemMemory, 6979A000, ...)
57:619  0:000  0. [change GFX0 to IGPU]: pattern 47465830, bin not found / already patched!
57:619  0:000  1. [change HDAS to HDEF]: pattern 48444153, bin not found / already patched!
57:619  0:000  2. [change EC0 to EC]: pattern 4543305F, bin not found / already patched!
57:619  0:000  3. [Rename EHC1 to EH01 (USB)]: disabled
57:619  0:000  4. [Rename EHC2 to EH02 (USB)]: disabled
57:619  0:000  5. [change Method(GPRW,2,N) to XPRW, pair with SSDT-GPRW.aml]: pattern 47505257, bin not found / already patched!
57:619  0:000  6. [change Method(_PTS,1,N) to ZPTS, pair with SSDT-PTSWAK.aml]: pattern 5F505453, bin not found / already patched!
57:619  0:000  7. [change Method(_WAK,1,N) to ZWAK, pair with SSDT-PTSWAK.aml]: pattern 5F57414B, bin not found / already patched!
57:619  0:000    0 replacements
57:619  0:000  0. [change GFX0 to IGPU]: pattern 47465830, patched at: [ (248) (8D) (527) (1199) (11) ]
57:619  0:000  1. [change HDAS to HDEF]: pattern 48444153, bin not found / already patched!
57:619  0:000  2. [change EC0 to EC]: pattern 4543305F, patched at: [ (E07) (1C) (17) (18) (17) (18) (1C) (115) (18) (19) (21) (18) (1C) (7A3) (65) ]
57:619  0:000  3. [Rename EHC1 to EH01 (USB)]: disabled
57:619  0:000  4. [Rename EHC2 to EH02 (USB)]: disabled
57:619  0:000  5. [change Method(GPRW,2,N) to XPRW, pair with SSDT-GPRW.aml]: pattern 47505257, bin not found / already patched!
57:619  0:000  6. [change Method(_PTS,1,N) to ZPTS, pair with SSDT-PTSWAK.aml]: pattern 5F505453, bin not found / already patched!
57:619  0:000  7. [change Method(_WAK,1,N) to ZWAK, pair with SSDT-PTSWAK.aml]: pattern 5F57414B, bin not found / already patched!
57:619  0:000    0 replacements
57:619  0:000  === [ ACPIPatchedAML ] ====================================
57:619  0:000  AutoMerge pass 2
57:619  0:000  Unsorted
57:619  0:000  Inserting SSDT-USBX.aml from EFI\CLOVER\ACPI\patched: size=185 ... Success
57:620  0:000  Inserting SSDT-PTSWAK.aml from EFI\CLOVER\ACPI\patched: size=782 ... Success
57:620  0:000  Inserting SSDT-PNLF.aml from EFI\CLOVER\ACPI\patched: size=1028 ... Success
57:620  0:000  Inserting SSDT-GPRW.aml from EFI\CLOVER\ACPI\patched: size=134 ... Success
57:620  0:000  Inserting SSDT-Disable-DGPU.aml from EFI\CLOVER\ACPI\patched: size=1411 ... Success
57:620  0:000  CPUBase=0 and ApicCPUBase=1 ApicCPUNum=1
57:620  0:000  Maximum control=0x1A
57:620  0:000  Turbo control=0x23
57:620  0:000  P-States: min 0x8, max 0x23
57:620  0:000  SSDT with plugin-type without P-States is generated
57:620  0:000  Cleanup XSDT: count=27, length=252
57:620  0:000  corrected XSDT count=26, length=244
57:620  0:000  === [ RestSetup macOS ] ===================================
57:620  0:000  EdidDiscovered size=128
57:620  0:000  --- Discovered EDID Table size:128
57:620  0:000  000  |  00  FF  FF  FF  FF  FF  FF  00  06  AF
57:620  0:000  010  |  ED  38  00  00  00  00  2B  18  01  04
57:620  0:000  020  |  95  22  13  78  02  51  25  93  58  57
57:620  0:000  030  |  8F  28  1F  50  54  00  00  00  01  01
57:620  0:000  040  |  01  01  01  01  01  01  01  01  01  01
57:620  0:000  050  |  01  01  01  01  78  37  80  B4  70  38
57:620  0:000  060  |  2E  40  6C  30  AA  00  58  C1  10  00
57:620  0:000  070  |  00  18  00  00  00  0F  00  00  00  00
57:620  0:000  080  |  00  00  00  00  00  00  00  00  00  20
57:620  0:000  090  |  00  00  00  FE  00  41  55  4F  0A  20
57:620  0:000  100  |  20  20  20  20  20  20  20  20  00  00
57:620  0:000  110  |  00  FE  00  42  31  35  36  48  54  4E
57:620  0:000  120  |  30  33  2E  38  20  0A  00  E9
57:620  0:000  add device: PciRoot(0x0)/Pci(0x2,0x0)
57:620  0:000     Add key=framebuffer-unifiedmem valuelen=4
57:620  0:000     Add key=framebuffer-stolenmem valuelen=4
57:620  0:000     Add key=framebuffer-patch-enable valuelen=4
57:620  0:000     Add key=framebuffer-fbmem valuelen=4
57:620  0:000     Add key=device-id valuelen=4
57:620  0:000     Add key=AAPL,ig-platform-id valuelen=4
57:620  0:000  Intel GFX injection not set
57:620  0:000   RCBA disabled; cannot use it
57:620  0:000   setting specified layout-id=21 (0x15)
57:620  0:000  stringlength = 1722
57:620  0:000  CurrentMode: Width=1920 Height=1080
57:620  0:000  Beginning FSInjection
FSInjectionInstall ...
- Our FSI_SIMPLE_FILE_SYSTEM_PROTOCOL installed on handle: 6C63C118
FSInjectionInstall ...
- Our FSI_SIMPLE_FILE_SYSTEM_PROTOCOL installed on handle: 6C63C118
57:690  0:069  Use origin smbios table type 1 guid.
57:691  0:001    Force kext: System\Library\Extensions\IONetworkingFamily.kext
57:753  0:061      Force PlugIn kext: System\Library\Extensions\IONetworkingFamily.kext\Contents\PlugIns\AppleBCM5701Ethernet.kext
57:760  0:006      Force PlugIn kext: System\Library\Extensions\IONetworkingFamily.kext\Contents\PlugIns\AppleEthernetAquantiaAqtion.kext
57:764  0:004      Force PlugIn kext: System\Library\Extensions\IONetworkingFamily.kext\Contents\PlugIns\AppleEthernetAquantiaAqtionFirmware.kext
57:777  0:013      Force PlugIn kext: System\Library\Extensions\IONetworkingFamily.kext\Contents\PlugIns\AppleIntel8254XEthernet.kext
57:780  0:003      Force PlugIn kext: System\Library\Extensions\IONetworkingFamily.kext\Contents\PlugIns\AppleIntelI210Ethernet.kext
57:783  0:002      Force PlugIn kext: System\Library\Extensions\IONetworkingFamily.kext\Contents\PlugIns\AppleVmxnet3Ethernet.kext
57:787  0:003      Force PlugIn kext: System\Library\Extensions\IONetworkingFamily.kext\Contents\PlugIns\AppleYukon2.kext
57:793  0:006      Force PlugIn kext: System\Library\Extensions\IONetworkingFamily.kext\Contents\PlugIns\Intel82574L.kext
57:796  0:002      Force PlugIn kext: System\Library\Extensions\IONetworkingFamily.kext\Contents\PlugIns\IOEthernetAVBController.kext
57:799  0:002      Force PlugIn kext: System\Library\Extensions\IONetworkingFamily.kext\Contents\PlugIns\mDNSOffloadUserClient.kext
57:802  0:002      Force PlugIn kext: System\Library\Extensions\IONetworkingFamily.kext\Contents\PlugIns\nvenet.kext
57:805  0:003  Preparing kexts injection for arch=x86_64 from EFI\CLOVER\kexts\Other
57:805  0:000  Extra kext: EFI\CLOVER\kexts\Other\WhateverGreen.kext (v.1.3.1)
57:810  0:005  Extra kext: EFI\CLOVER\kexts\Other\VoodooTSCSync_Release_v1.5.0.kext (v.1.5.0)
57:811  0:000  Extra kext: EFI\CLOVER\kexts\Other\VoodooPS2Controller.kext (v.2.0.2)
57:815  0:003    |-- PlugIn kext: EFI\CLOVER\kexts\Other\VoodooPS2Controller.kext\Contents\PlugIns\VoodooPS2Trackpad.kext.dSYM (v.2.0.2)
57:815  0:000    |-- PlugIn kext: EFI\CLOVER\kexts\Other\VoodooPS2Controller.kext\Contents\PlugIns\VoodooPS2Trackpad.kext (v.2.0.2)
57:819  0:004    |-- PlugIn kext: EFI\CLOVER\kexts\Other\VoodooPS2Controller.kext\Contents\PlugIns\VoodooPS2Mouse.kext.dSYM (v.2.0.2)
57:820  0:000    |-- PlugIn kext: EFI\CLOVER\kexts\Other\VoodooPS2Controller.kext\Contents\PlugIns\VoodooPS2Mouse.kext (v.2.0.2)
57:821  0:000    |-- PlugIn kext: EFI\CLOVER\kexts\Other\VoodooPS2Controller.kext\Contents\PlugIns\VoodooPS2Keyboard.kext.dSYM (v.2.0.2)
57:821  0:000    |-- PlugIn kext: EFI\CLOVER\kexts\Other\VoodooPS2Controller.kext\Contents\PlugIns\VoodooPS2Keyboard.kext (v.2.0.2)
57:824  0:002  Extra kext: EFI\CLOVER\kexts\Other\VoodooI2CELAN.kext (v.1)
57:825  0:000  Extra kext: EFI\CLOVER\kexts\Other\VoodooI2C.kext (v.2.2)
57:830  0:005    |-- PlugIn kext: EFI\CLOVER\kexts\Other\VoodooI2C.kext\Contents\PlugIns\VoodooI2CServices.kext (v.1)
57:831  0:001    |-- PlugIn kext: EFI\CLOVER\kexts\Other\VoodooI2C.kext\Contents\PlugIns\VoodooGPIO.kext (v.1.1)
57:834  0:002  Extra kext: EFI\CLOVER\kexts\Other\VirtualSMC.kext (v.1.0.7)
57:839  0:004  Extra kext: EFI\CLOVER\kexts\Other\USBPorts.kext (v.1.0)
57:840  0:001  Extra kext: EFI\CLOVER\kexts\Other\SMCSuperIO.kext (v.1.0.7)
57:842  0:001  Extra kext: EFI\CLOVER\kexts\Other\SMCProcessor.kext (v.1.0.7)
57:843  0:000  Extra kext: EFI\CLOVER\kexts\Other\SMCLightSensor.kext (v.1)
57:846  0:002  Extra kext: EFI\CLOVER\kexts\Other\SMCBatteryManager.kext (v.1)
57:848  0:001  Extra kext: EFI\CLOVER\kexts\Other\SATA-100-series-unsupported.kext (v.0.5.1)
57:849  0:000  Extra kext: EFI\CLOVER\kexts\Other\RealtekRTL8111.kext (v.2.2.2)
57:853  0:004  Extra kext: EFI\CLOVER\kexts\Other\NoTouchID.kext (v.1.0.2)
57:854  0:000  Extra kext: EFI\CLOVER\kexts\Other\Lilu.kext (v.1.3.8)
57:857  0:002  Extra kext: EFI\CLOVER\kexts\Other\HoRNDIS.kext (v.6)
57:861  0:004  Extra kext: EFI\CLOVER\kexts\Other\AppleALC.kext (v.1.4.0)
57:944  0:083  SetStartupDiskVolume:
57:944  0:000    * Volume: 'Macintosh HD'
57:944  0:000    * LoaderPath: '<null string>'
57:944  0:000    * DevPath: Macintosh HD
57:944  0:000    * GUID = 6E77358E-549B-43B7-7A9D-048342EDE9BA
57:944  0:000    * efi-boot-device: <array><dict><key>IOMatch</key><dict><key>IOProviderClass</key><string>IOMedia</string><key>IOPropertyMatch</key><dict><key>UUID</key><string>6E77358E-549B-43B7-7A9D-048342EDE9BA</string></dict></dict></dict></array>
57:944  0:000  SetScreenResolution: 1920x1080 - already set
57:944  0:000  Custom boot is using theme logo
57:945  0:000  Closing log
